This is pdfTeX, Version 3.1415926-2.5-1.40.14 (TeX Live 2013/TeX Live for SUSE Linux) (format=pdflatex 2015.1.12)  20 MAR 2015 11:05
entering extended mode
 restricted \write18 enabled.
 %&-line parsing enabled.
**RealTimeVotingSystem.tex
(./RealTimeVotingSystem.tex
LaTeX2e <2011/06/27>
Babel <3.9f> and hyphenation patterns for 78 languages loaded.
(/usr/share/texmf/tex/latex/base/article.cls
Document Class: article 2007/10/19 v1.4h Standard LaTeX document class
(/usr/share/texmf/tex/latex/base/size11.clo
File: size11.clo 2007/10/19 v1.4h Standard LaTeX file (size option)
)
\c@part=\count79
\c@section=\count80
\c@subsection=\count81
\c@subsubsection=\count82
\c@paragraph=\count83
\c@subparagraph=\count84
\c@figure=\count85
\c@table=\count86
\abovecaptionskip=\skip41
\belowcaptionskip=\skip42
\bibindent=\dimen102
)
(/usr/share/texmf/tex/latex/base/fontenc.sty
Package: fontenc 2005/09/27 v1.99g Standard LaTeX package

(/usr/share/texmf/tex/latex/base/t1enc.def
File: t1enc.def 2005/09/27 v1.99g Standard LaTeX file
LaTeX Font Info:    Redeclaring font encoding T1 on input line 43.
))
(/usr/share/texmf/tex/latex/preprint/fullpage.sty
Package: fullpage 1999/02/23 1.1 (PWD)
\FP@margin=\skip43
)
(/usr/share/texmf/tex/generic/babel/babel.sty
Package: babel 2013/05/16 v3.9f The Babel package

(/usr/share/texmf/tex/generic/babel-english/english.ldf
Language: english 2012/08/20 v3.3p English support from the babel system

(/usr/share/texmf/tex/generic/babel/babel.def
File: babel.def 2013/05/16 v3.9f Babel common definitions
\babel@savecnt=\count87
\U@D=\dimen103
)
\l@canadian = a dialect from \language\l@american 
\l@australian = a dialect from \language\l@british 
\l@newzealand = a dialect from \language\l@british 
))
(/usr/share/texmf/tex/latex/graphics/graphicx.sty
Package: graphicx 1999/02/16 v1.0f Enhanced LaTeX Graphics (DPC,SPQR)

(/usr/share/texmf/tex/latex/graphics/keyval.sty
Package: keyval 1999/03/16 v1.13 key=value parser (DPC)
\KV@toks@=\toks14
)
(/usr/share/texmf/tex/latex/graphics/graphics.sty
Package: graphics 2009/02/05 v1.0o Standard LaTeX Graphics (DPC,SPQR)

(/usr/share/texmf/tex/latex/graphics/trig.sty
Package: trig 1999/03/16 v1.09 sin cos tan (DPC)
)
(/usr/share/texmf/tex/latex/latexconfig/graphics.cfg
File: graphics.cfg 2010/04/23 v1.9 graphics configuration of TeX Live
)
Package graphics Info: Driver file: pdftex.def on input line 91.

(/usr/share/texmf/tex/latex/pdftex-def/pdftex.def
File: pdftex.def 2011/05/27 v0.06d Graphics/color for pdfTeX

(/usr/share/texmf/tex/generic/oberdiek/infwarerr.sty
Package: infwarerr 2010/04/08 v1.3 Providing info/warning/error messages (HO)
)
(/usr/share/texmf/tex/generic/oberdiek/ltxcmds.sty
Package: ltxcmds 2011/11/09 v1.22 LaTeX kernel commands for general use (HO)
)
\Gread@gobject=\count88
))
\Gin@req@height=\dimen104
\Gin@req@width=\dimen105
)
(./RealTimeVotingSystem.aux)
\openout1 = `RealTimeVotingSystem.aux'.

LaTeX Font Info:    Checking defaults for OML/cmm/m/it on input line 7.
LaTeX Font Info:    ... okay on input line 7.
LaTeX Font Info:    Checking defaults for T1/cmr/m/n on input line 7.
LaTeX Font Info:    ... okay on input line 7.
LaTeX Font Info:    Checking defaults for OT1/cmr/m/n on input line 7.
LaTeX Font Info:    ... okay on input line 7.
LaTeX Font Info:    Checking defaults for OMS/cmsy/m/n on input line 7.
LaTeX Font Info:    ... okay on input line 7.
LaTeX Font Info:    Checking defaults for OMX/cmex/m/n on input line 7.
LaTeX Font Info:    ... okay on input line 7.
LaTeX Font Info:    Checking defaults for U/cmr/m/n on input line 7.
LaTeX Font Info:    ... okay on input line 7.
 (/usr/share/texmf/tex/context/base/supp-pdf.mkii
[Loading MPS to PDF converter (version 2006.09.02).]
\scratchcounter=\count89
\scratchdimen=\dimen106
\scratchbox=\box26
\nofMPsegments=\count90
\nofMParguments=\count91
\everyMPshowfont=\toks15
\MPscratchCnt=\count92
\MPscratchDim=\dimen107
\MPnumerator=\count93
\makeMPintoPDFobject=\count94
\everyMPtoPDFconversion=\toks16
) (/usr/share/texmf/tex/generic/oberdiek/pdftexcmds.sty
Package: pdftexcmds 2011/11/29 v0.20 Utility functions of pdfTeX for LuaTeX (HO
)

(/usr/share/texmf/tex/generic/oberdiek/ifluatex.sty
Package: ifluatex 2010/03/01 v1.3 Provides the ifluatex switch (HO)
Package ifluatex Info: LuaTeX not detected.
)
(/usr/share/texmf/tex/generic/oberdiek/ifpdf.sty
Package: ifpdf 2011/01/30 v2.3 Provides the ifpdf switch (HO)
Package ifpdf Info: pdfTeX in PDF mode is detected.
)
Package pdftexcmds Info: LuaTeX not detected.
Package pdftexcmds Info: \pdf@primitive is available.
Package pdftexcmds Info: \pdf@ifprimitive is available.
Package pdftexcmds Info: \pdfdraftmode found.
)
(/usr/share/texmf/tex/latex/oberdiek/epstopdf-base.sty
Package: epstopdf-base 2010/02/09 v2.5 Base part for package epstopdf

(/usr/share/texmf/tex/latex/oberdiek/grfext.sty
Package: grfext 2010/08/19 v1.1 Manage graphics extensions (HO)

(/usr/share/texmf/tex/generic/oberdiek/kvdefinekeys.sty
Package: kvdefinekeys 2011/04/07 v1.3 Define keys (HO)
))
(/usr/share/texmf/tex/latex/oberdiek/kvoptions.sty
Package: kvoptions 2011/06/30 v3.11 Key value format for package options (HO)

(/usr/share/texmf/tex/generic/oberdiek/kvsetkeys.sty
Package: kvsetkeys 2012/04/25 v1.16 Key value parser (HO)

(/usr/share/texmf/tex/generic/oberdiek/etexcmds.sty
Package: etexcmds 2011/02/16 v1.5 Avoid name clashes with e-TeX commands (HO)
Package etexcmds Info: Could not find \expanded.
(etexcmds)             That can mean that you are not using pdfTeX 1.50 or
(etexcmds)             that some package has redefined \expanded.
(etexcmds)             In the latter case, load this package earlier.
)))
Package grfext Info: Graphics extension search list:
(grfext)             [.png,.pdf,.jpg,.mps,.jpeg,.jbig2,.jb2,.PNG,.PDF,.JPG,.JPE
G,.JBIG2,.JB2,.eps]
(grfext)             \AppendGraphicsExtensions on input line 452.

(/usr/share/texmf/tex/latex/latexconfig/epstopdf-sys.cfg
File: epstopdf-sys.cfg 2010/07/13 v1.3 Configuration of (r)epstopdf for TeX Liv
e
))
LaTeX Font Info:    External font `cmex10' loaded for size
(Font)              <12> on input line 27.
LaTeX Font Info:    External font `cmex10' loaded for size
(Font)              <8> on input line 27.
LaTeX Font Info:    External font `cmex10' loaded for size
(Font)              <6> on input line 27.
LaTeX Font Info:    Try loading font information for T1+cmtt on input line 27.

(/usr/share/texmf/tex/latex/base/t1cmtt.fd
File: t1cmtt.fd 1999/05/25 v2.5h Standard LaTeX font definitions
)
LaTeX Font Info:    External font `cmex10' loaded for size
(Font)              <10.95> on input line 59.

Underfull \hbox (badness 10000) in paragraph at lines 41--60

 []

[1

{/usr/share/texmf/fonts/map/pdftex/updmap/pdftex.map}]
<figures/FlowChart.png, id=11, 513.41812pt x 666.99188pt>
File: figures/FlowChart.png Graphic file (type png)

<use figures/FlowChart.png>
Package pdftex.def Info: figures/FlowChart.png used on input line 64.
(pdftex.def)             Requested size: 448.07378pt x 582.1102pt.

Underfull \hbox (badness 10000) in paragraph at lines 69--74

 []

[2 <./figures/FlowChart.png>]
<figures/uml1.pdf, id=15, 845.04686pt x 1195.01572pt>
File: figures/uml1.pdf Graphic file (type pdf)
 <use figures/uml1.pdf>
Package pdftex.def Info: figures/uml1.pdf used on input line 77.
(pdftex.def)             Requested size: 448.07378pt x 633.64708pt.

<figures/uml2.pdf, id=16, 845.04686pt x 1195.01572pt>
File: figures/uml2.pdf Graphic file (type pdf)
 <use figures/uml2.pdf>
Package pdftex.def Info: figures/uml2.pdf used on input line 78.
(pdftex.def)             Requested size: 448.07378pt x 633.64708pt.

<figures/uml3.pdf, id=17, 845.04686pt x 1195.01572pt>
File: figures/uml3.pdf Graphic file (type pdf)
 <use figures/uml3.pdf>
Package pdftex.def Info: figures/uml3.pdf used on input line 79.
(pdftex.def)             Requested size: 448.07378pt x 633.64708pt.

<figures/uml4.pdf, id=18, 845.04686pt x 1195.01572pt>
File: figures/uml4.pdf Graphic file (type pdf)
 <use figures/uml4.pdf>
Package pdftex.def Info: figures/uml4.pdf used on input line 80.
(pdftex.def)             Requested size: 448.07378pt x 633.64708pt.

Underfull \hbox (badness 10000) in paragraph at lines 75--81

 []

[3]
Overfull \vbox (13.21707pt too high) has occurred while \output is active []


[4 <./figures/uml1.pdf>]
Overfull \vbox (13.21707pt too high) has occurred while \output is active []


[5 <./figures/uml2.pdf>]
Overfull \vbox (13.21707pt too high) has occurred while \output is active []


[6 <./figures/uml3.pdf>]
Overfull \vbox (13.21707pt too high) has occurred while \output is active []


[7 <./figures/uml4.pdf>] [8]
<figures/comm-protocol_seq-diagram_client.png, id=117, 614.295pt x 794.97pt>
File: figures/comm-protocol_seq-diagram_client.png Graphic file (type png)

<use figures/comm-protocol_seq-diagram_client.png>
Package pdftex.def Info: figures/comm-protocol_seq-diagram_client.png used on i
nput line 116.
(pdftex.def)             Requested size: 448.07378pt x 579.86234pt.
 [9 <./figures/comm-protocol_seq-diagram_client.png>]
<figures/comm-protocol_seq-diagram_server.png, id=121, 614.295pt x 794.97pt>
File: figures/comm-protocol_seq-diagram_server.png Graphic file (type png)

<use figures/comm-protocol_seq-diagram_server.png>
Package pdftex.def Info: figures/comm-protocol_seq-diagram_server.png used on i
nput line 120.
(pdftex.def)             Requested size: 448.07378pt x 579.86234pt.

<figures/MSC.png, id=122, 542.77782pt x 371.13657pt>
File: figures/MSC.png Graphic file (type png)
 <use figures/MSC.png>
Package pdftex.def Info: figures/MSC.png used on input line 133.
(pdftex.def)             Requested size: 505.89pt x 345.92928pt.

Overfull \hbox (36.13498pt too wide) in paragraph at lines 122--134
[] 
 []

[10 <./figures/comm-protocol_seq-diagram_server.png>] [11 <./figures/MSC.png>]
(./RealTimeVotingSystem.aux) ) 
Here is how much of TeX's memory you used:
 2157 strings out of 493315
 28822 string characters out of 6145893
 89696 words of memory out of 5000000
 5581 multiletter control sequences out of 15000+600000
 12540 words of font info for 34 fonts, out of 8000000 for 9000
 957 hyphenation exceptions out of 8191
 37i,6n,23p,246b,264s stack positions out of 5000i,500n,10000p,200000b,80000s
{/usr/share/texmf/fonts/enc/dvips/cm-super/cm-sup
er-t1.enc}</usr/share/texmf/fonts/type1/public/cm-super/sfbx1440.pfb></usr/shar
e/texmf/fonts/type1/public/cm-super/sfbx1728.pfb></usr/share/texmf/fonts/type1/
public/cm-super/sfrm1095.pfb></usr/share/texmf/fonts/type1/public/cm-super/sfrm
1200.pfb></usr/share/texmf/fonts/type1/public/cm-super/sftt1095.pfb></usr/share
/texmf/fonts/type1/public/cm-super/sftt1200.pfb>
Output written on RealTimeVotingSystem.pdf (11 pages, 327582 bytes).
PDF statistics:
 151 PDF objects out of 1000 (max. 8388607)
 95 compressed objects within 1 object stream
 0 named destinations out of 1000 (max. 500000)
 41 words of extra memory for PDF output out of 10000 (max. 10000000)

